<?xml version="1.0" encoding="UTF-8"?>
<!-- Generated by org.testng.reporters.JUnitXMLReporter -->
<testsuite ignored="0" hostname="LTIN487229" failures="0" tests="7" name="Default test" time="0.16" errors="0" timestamp="2024-03-29T10:50:51 IST">
  <testcase classname="onlyone.TC2318922" name="@BeforeTest beforeTest" time="-1.711689651061E9">
    <failure type="org.testng.TestNGException" message="
Parameter &amp;apos;Browser&amp;apos; is required by BeforeTest on method beforeTest but has not been marked @Optional or defined
in C:\Users\2318922\AppData\Local\Temp\4\testng-eclipse-1762502353\testng-customsuite.xml">
      <![CDATA[org.testng.TestNGException: 
Parameter 'Browser' is required by BeforeTest on method beforeTest but has not been marked @Optional or defined
in C:\Users\2318922\AppData\Local\Temp\4\testng-eclipse-1762502353\testng-customsuite.xml
at org.testng.internal.Parameters.createParams(Parameters.java:267)
at org.testng.internal.Parameters.createParametersForMethod(Parameters.java:355)
at org.testng.internal.Parameters.createParameters(Parameters.java:693)
at org.testng.internal.Parameters.createConfigurationParameters(Parameters.java:166)
at org.testng.internal.invokers.ConfigInvoker.invokeConfigurations(ConfigInvoker.java:306)
at org.testng.TestRunner.invokeTestConfigurations(TestRunner.java:661)
at org.testng.TestRunner.beforeRun(TestRunner.java:650)
at org.testng.TestRunner.run(TestRunner.java:612)
at org.testng.SuiteRunner.runTest(SuiteRunner.java:443)
at org.testng.SuiteRunner.runSequentially(SuiteRunner.java:437)
at org.testng.SuiteRunner.privateRun(SuiteRunner.java:397)
at org.testng.SuiteRunner.run(SuiteRunner.java:336)
at org.testng.SuiteRunnerWorker.runSuite(SuiteRunnerWorker.java:52)
at org.testng.SuiteRunnerWorker.run(SuiteRunnerWorker.java:95)
at org.testng.TestNG.runSuitesSequentially(TestNG.java:1301)
at org.testng.TestNG.runSuitesLocally(TestNG.java:1228)
at org.testng.TestNG.runSuites(TestNG.java:1134)
at org.testng.TestNG.run(TestNG.java:1101)
at org.testng.remote.AbstractRemoteTestNG.run(AbstractRemoteTestNG.java:115)
at org.testng.remote.RemoteTestNG.initAndRun(RemoteTestNG.java:251)
at org.testng.remote.RemoteTestNG.main(RemoteTestNG.java:77)
]]>
    </failure>
  </testcase> <!-- @BeforeTest beforeTest -->
  <testcase classname="onlyone.TC2318922" name="@AfterTest afterTest" time="0.0">
    <skipped/>
  </testcase> <!-- @AfterTest afterTest -->
  <testcase classname="onlyone.TC2318922" name="userVerification" time="0.0">
    <skipped/>
  </testcase> <!-- userVerification -->
  <testcase classname="onlyone.TC2318922" name="beCog" time="0.0">
    <skipped/>
  </testcase> <!-- beCog -->
  <testcase classname="onlyone.TC2318922" name="app" time="0.0">
    <skipped/>
  </testcase> <!-- app -->
  <testcase classname="onlyone.TC2318922" name="news" time="0.0">
    <skipped/>
  </testcase> <!-- news -->
  <testcase classname="onlyone.TC2318922" name="awards" time="0.001">
    <skipped/>
  </testcase> <!-- awards -->
  <testcase classname="onlyone.TC2318922" name="newsTooltip" time="0.0">
    <skipped/>
  </testcase> <!-- newsTooltip -->
  <testcase classname="onlyone.TC2318922" name="awardDetails" time="0.0">
    <skipped/>
  </testcase> <!-- awardDetails -->
</testsuite> <!-- Default test -->
