<?xml version="1.0" encoding="UTF-8"?>
<!-- Generated by org.testng.reporters.JUnitXMLReporter -->
<testsuite ignored="0" hostname="LTIN487229" failures="1" tests="7" name="TestChrome" time="95.866" errors="0" timestamp="2024-03-28T16:36:37 IST">
  <testcase classname="onlyone.TC2318922" name="userVerification" time="14.847"/>
  <testcase classname="onlyone.TC2318922" name="beCog" time="16.253"/>
  <testcase classname="onlyone.TC2318922" name="app" time="0.054"/>
  <testcase classname="onlyone.TC2318922" name="news" time="4.06"/>
  <testcase classname="onlyone.TC2318922" name="awards" time="4.052"/>
  <testcase classname="onlyone.TC2318922" name="newsTooltip" time="2.21"/>
  <testcase classname="onlyone.TC2318922" name="awardDetails" time="21.776">
    <failure type="org.openqa.selenium.ElementClickInterceptedException" message="element click intercepted: Element &amp;lt;a class=&amp;quot;bg_b_91bed31b&amp;quot; href=&amp;quot;https://cognizantonline.sharepoint.com/sites/CorporateFunctions/SitePages/CInsights-Wins-the-Brandon-Hall-Award.aspx&amp;quot; role=&amp;quot;presentation&amp;quot; target=&amp;quot;_blank&amp;quot; data-interception=&amp;quot;propagate&amp;quot; aria-hidden=&amp;quot;true&amp;quot; data-is-focusable=&amp;quot;false&amp;quot; tabindex=&amp;quot;-1&amp;quot;&amp;gt;...&amp;lt;/a&amp;gt; is not clickable at point (177, 521). Other element would receive the click: &amp;lt;div class=&amp;quot;ms-Stack custom-footer-content justify-center justify-left-tablets-or-above css-206&amp;quot;&amp;gt;...&amp;lt;/div&amp;gt;
  (Session info: chrome=120.0.6099.130)
Build info: version: &amp;apos;4.18.1&amp;apos;, revision: &amp;apos;b1d3319b48&amp;apos;
System info: os.name: &amp;apos;Windows 11&amp;apos;, os.arch: &amp;apos;amd64&amp;apos;, os.version: &amp;apos;10.0&amp;apos;, java.version: &amp;apos;17.0.9&amp;apos;
Driver info: org.openqa.selenium.chrome.ChromeDriver
Command: [67f816a597bfa566cb7868d098cd58c2, clickElement {id=DE77410FABB8315D3FDE43F5DAFEE4CE_element_241}]
Capabilities {acceptInsecureCerts: false, browserName: chrome, browserVersion: 120.0.6099.130, chrome: {chromedriverVersion: 120.0.6099.109 (3419140ab66..., userDataDir: C:\Windows\SystemTemp\scope...}, fedcm:accounts: true, goog:chromeOptions: {debuggerAddress: localhost:57623}, networkConnectionEnabled: false, pageLoadStrategy: normal, platformName: windows, proxy: Proxy(), se:cdp: ws://localhost:57623/devtoo..., se:cdpVersion: 120.0.6099.130, setWindowRect: true, strictFileInteractability: false, timeouts: {implicit: 0, pageLoad: 300000, script: 30000}, unhandledPromptBehavior: dismiss and notify, webauthn:extension:credBlob: true, webauthn:extension:largeBlob: true, webauthn:extension:minPinLength: true, webauthn:extension:prf: true, webauthn:virtualAuthenticators: true}
Element: [[ChromeDriver: chrome on windows (67f816a597bfa566cb7868d098cd58c2)] -&amp;gt; xpath: //div[contains(@class,&amp;apos;itemArea&amp;apos;)][3]//a[@role=&amp;apos;presentation&amp;apos;]]
Session ID: 67f816a597bfa566cb7868d098cd58c2">
      <![CDATA[org.openqa.selenium.ElementClickInterceptedException: element click intercepted: Element <a class="bg_b_91bed31b" href="https://cognizantonline.sharepoint.com/sites/CorporateFunctions/SitePages/CInsights-Wins-the-Brandon-Hall-Award.aspx" role="presentation" target="_blank" data-interception="propagate" aria-hidden="true" data-is-focusable="false" tabindex="-1">...</a> is not clickable at point (177, 521). Other element would receive the click: <div class="ms-Stack custom-footer-content justify-center justify-left-tablets-or-above css-206">...</div>
  (Session info: chrome=120.0.6099.130)
Build info: version: '4.18.1', revision: 'b1d3319b48'
System info: os.name: 'Windows 11', os.arch: 'amd64', os.version: '10.0', java.version: '17.0.9'
Driver info: org.openqa.selenium.chrome.ChromeDriver
Command: [67f816a597bfa566cb7868d098cd58c2, clickElement {id=DE77410FABB8315D3FDE43F5DAFEE4CE_element_241}]
Capabilities {acceptInsecureCerts: false, browserName: chrome, browserVersion: 120.0.6099.130, chrome: {chromedriverVersion: 120.0.6099.109 (3419140ab66..., userDataDir: C:\Windows\SystemTemp\scope...}, fedcm:accounts: true, goog:chromeOptions: {debuggerAddress: localhost:57623}, networkConnectionEnabled: false, pageLoadStrategy: normal, platformName: windows, proxy: Proxy(), se:cdp: ws://localhost:57623/devtoo..., se:cdpVersion: 120.0.6099.130, setWindowRect: true, strictFileInteractability: false, timeouts: {implicit: 0, pageLoad: 300000, script: 30000}, unhandledPromptBehavior: dismiss and notify, webauthn:extension:credBlob: true, webauthn:extension:largeBlob: true, webauthn:extension:minPinLength: true, webauthn:extension:prf: true, webauthn:virtualAuthenticators: true}
Element: [[ChromeDriver: chrome on windows (67f816a597bfa566cb7868d098cd58c2)] -> xpath: //div[contains(@class,'itemArea')][3]//a[@role='presentation']]
Session ID: 67f816a597bfa566cb7868d098cd58c2
at org.openqa.selenium.remote.ErrorCodec.decode(ErrorCodec.java:167)
at org.openqa.selenium.remote.codec.w3c.W3CHttpResponseCodec.decode(W3CHttpResponseCodec.java:138)
at org.openqa.selenium.remote.codec.w3c.W3CHttpResponseCodec.decode(W3CHttpResponseCodec.java:50)
at org.openqa.selenium.remote.HttpCommandExecutor.execute(HttpCommandExecutor.java:190)
at org.openqa.selenium.remote.service.DriverCommandExecutor.invokeExecute(DriverCommandExecutor.java:216)
at org.openqa.selenium.remote.service.DriverCommandExecutor.execute(DriverCommandExecutor.java:174)
at org.openqa.selenium.remote.RemoteWebDriver.execute(RemoteWebDriver.java:519)
at org.openqa.selenium.remote.RemoteWebElement.execute(RemoteWebElement.java:223)
at org.openqa.selenium.remote.RemoteWebElement.click(RemoteWebElement.java:76)
at onlyone.TC2318922.awardDetails(TC2318922.java:153)
at java.base/java.util.ArrayList.forEach(ArrayList.java:1511)
... Removed 32 stack frames]]>
    </failure>
  </testcase> <!-- awardDetails -->
</testsuite> <!-- TestChrome -->
